<?xml version="1.0" encoding="UTF-8"?>
<!-- Generated by org.testng.reporters.JUnitReportReporter -->
<testsuite hostname="Avinash" failures="0" tests="1" name="TestNG.NewTest" time="14.197" errors="0" timestamp="2024-10-24T20:45:34 IST" skipped="0">
  <testcase classname="TestNG.NewTest" name="f" time="14.197"/>
</testsuite> <!-- TestNG.NewTest -->
